*** Starting uWSGI 2.0.18 (64bit) on [Tue Mar 10 11:33:33 2020] ***
compiled with version: 5.4.0 20160609 on 09 March 2020 10:06:18
os: Linux-4.15.0-88-generic #88~16.04.1-Ubuntu SMP Wed Feb 12 04:19:15 UTC 2020
nodename: Ubuntu16
machine: x86_64
clock source: unix
pcre jit disabled
detected number of CPU cores: 1
current working directory: /home/zzy/桌面/dailyfresh
writing pidfile to uwsgi.pid
detected binary path: /home/zzy/.virtualenvs/dailyfresh/bin/uwsgi
chdir() to /home/zzy/桌面/dailyfresh
your processes number limit is 3351
your memory page size is 4096 bytes
detected max file descriptor number: 1024
lock engine: pthread robust mutexes
thunder lock: disabled (you can enable it with --thunder-lock)
uwsgi socket 0 bound to TCP address 127.0.0.1:8080 fd 3
Python version: 3.5.2 (default, Oct  8 2019, 13:06:37)  [GCC 5.4.0 20160609]
Set PythonHome to /home/zzy/.virtualenvs/dailyfresh
Python main interpreter initialized at 0xb0c540
python threads support enabled
your server socket listen backlog is limited to 100 connections
your mercy for graceful operations on workers is 60 seconds
mapped 416720 bytes (406 KB) for 8 cores
*** Operational MODE: preforking+threaded ***
WSGI app 0 (mountpoint='') ready in 0 seconds on interpreter 0xb0c540 pid: 5770 (default app)
*** uWSGI is running in multiple interpreter mode ***
spawned uWSGI master process (pid: 5770)
spawned uWSGI worker 1 (pid: 5772, cores: 2)
spawned uWSGI worker 2 (pid: 5773, cores: 2)
spawned uWSGI worker 3 (pid: 5774, cores: 2)
spawned uWSGI worker 4 (pid: 5775, cores: 2)
Gracefully killing worker 1 (pid: 5772)...
Gracefully killing worker 3 (pid: 5774)...
Gracefully killing worker 4 (pid: 5775)...
Gracefully killing worker 2 (pid: 5773)...
...gracefully killing workers...
worker 1 buried after 6 seconds
worker 2 buried after 6 seconds
worker 3 buried after 6 seconds
worker 4 buried after 6 seconds
binary reloading uWSGI...
chdir() to /home/zzy/桌面/dailyfresh
closing all non-uwsgi socket fds > 2 (max_fd = 1024)...
found fd 3 mapped to socket 0 (127.0.0.1:8080)
running /home/zzy/.virtualenvs/dailyfresh/bin/uwsgi
[uWSGI] getting INI configuration from uwsgi.ini
*** Starting uWSGI 2.0.18 (64bit) on [Tue Mar 10 11:42:06 2020] ***
compiled with version: 5.4.0 20160609 on 09 March 2020 10:06:18
os: Linux-4.15.0-88-generic #88~16.04.1-Ubuntu SMP Wed Feb 12 04:19:15 UTC 2020
nodename: Ubuntu16
machine: x86_64
clock source: unix
pcre jit disabled
detected number of CPU cores: 1
current working directory: /home/zzy/桌面/dailyfresh
detected binary path: /home/zzy/.virtualenvs/dailyfresh/bin/uwsgi
chdir() to /home/zzy/桌面/dailyfresh
your processes number limit is 3351
your memory page size is 4096 bytes
detected max file descriptor number: 1024
lock engine: pthread robust mutexes
thunder lock: disabled (you can enable it with --thunder-lock)
uwsgi socket 0 inherited INET address 127.0.0.1:8080 fd 3
Python version: 3.5.2 (default, Oct  8 2019, 13:06:37)  [GCC 5.4.0 20160609]
Set PythonHome to /home/zzy/.virtualenvs/dailyfresh
Python main interpreter initialized at 0x2401e30
python threads support enabled
your server socket listen backlog is limited to 100 connections
your mercy for graceful operations on workers is 60 seconds
mapped 416720 bytes (406 KB) for 8 cores
*** Operational MODE: preforking+threaded ***
WSGI app 0 (mountpoint='') ready in 3 seconds on interpreter 0x2401e30 pid: 5770 (default app)
*** uWSGI is running in multiple interpreter mode ***
gracefully (RE)spawned uWSGI master process (pid: 5770)
spawned uWSGI worker 1 (pid: 6160, cores: 2)
spawned uWSGI worker 2 (pid: 6161, cores: 2)
spawned uWSGI worker 3 (pid: 6162, cores: 2)
spawned uWSGI worker 4 (pid: 6169, cores: 2)
*** Starting uWSGI 2.0.18 (64bit) on [Tue Mar 10 11:50:56 2020] ***
compiled with version: 5.4.0 20160609 on 09 March 2020 10:06:18
os: Linux-4.15.0-88-generic #88~16.04.1-Ubuntu SMP Wed Feb 12 04:19:15 UTC 2020
nodename: Ubuntu16
machine: x86_64
clock source: unix
pcre jit disabled
detected number of CPU cores: 1
current working directory: /home/zzy/桌面/dailyfresh
writing pidfile to uwsgi.pid
detected binary path: /home/zzy/.virtualenvs/dailyfresh/bin/uwsgi
chdir() to /home/zzy/桌面/dailyfresh
your processes number limit is 3351
your memory page size is 4096 bytes
detected max file descriptor number: 1024
lock engine: pthread robust mutexes
thunder lock: disabled (you can enable it with --thunder-lock)
uwsgi socket 0 bound to TCP address 127.0.0.1:8080 fd 3
Python version: 3.5.2 (default, Oct  8 2019, 13:06:37)  [GCC 5.4.0 20160609]
Set PythonHome to /home/zzy/.virtualenvs/dailyfresh
Python main interpreter initialized at 0x1d0f540
python threads support enabled
your server socket listen backlog is limited to 100 connections
your mercy for graceful operations on workers is 60 seconds
mapped 416720 bytes (406 KB) for 8 cores
*** Operational MODE: preforking+threaded ***
WSGI app 0 (mountpoint='') ready in 1 seconds on interpreter 0x1d0f540 pid: 2400 (default app)
*** uWSGI is running in multiple interpreter mode ***
spawned uWSGI master process (pid: 2400)
spawned uWSGI worker 1 (pid: 2402, cores: 2)
spawned uWSGI worker 2 (pid: 2403, cores: 2)
spawned uWSGI worker 3 (pid: 2404, cores: 2)
spawned uWSGI worker 4 (pid: 2405, cores: 2)
[pid: 2404|app: 0|req: 1/1] 192.168.1.2 () {38 vars in 626 bytes} [Tue Mar 10 11:52:06 2020] GET /favicon.ico => generated 85 bytes in 662 msecs (HTTP/1.1 404) 3 headers in 100 bytes (1 switches on core 0)
[pid: 2404|app: 0|req: 2/2] 192.168.1.2 () {40 vars in 749 bytes} [Tue Mar 10 11:52:25 2020] GET /user/login => generated 2150 bytes in 17 msecs (HTTP/1.1 200) 5 headers in 278 bytes (1 switches on core 1)
[pid: 2405|app: 0|req: 1/3] 192.168.1.2 () {40 vars in 788 bytes} [Tue Mar 10 11:52:34 2020] GET /user/ => generated 0 bytes in 414 msecs (HTTP/1.1 302) 5 headers in 159 bytes (1 switches on core 0)
[pid: 2405|app: 0|req: 2/4] 192.168.1.2 () {50 vars in 1059 bytes} [Tue Mar 10 11:52:42 2020] POST /user/login?next=/user/ => generated 0 bytes in 82 msecs (HTTP/1.1 302) 8 headers in 511 bytes (1 switches on core 1)
[pid: 2405|app: 0|req: 3/5] 192.168.1.2 () {40 vars in 865 bytes} [Tue Mar 10 11:53:02 2020] GET /user/login?next=/user/ => generated 2150 bytes in 43 msecs (HTTP/1.1 200) 5 headers in 278 bytes (1 switches on core 0)
[pid: 2405|app: 0|req: 4/6] 192.168.1.2 () {40 vars in 832 bytes} [Tue Mar 10 11:53:04 2020] GET /index => generated 13250 bytes in 269 msecs (HTTP/1.1 200) 4 headers in 125 bytes (1 switches on core 1)
[pid: 2405|app: 0|req: 5/7] 192.168.1.2 () {42 vars in 876 bytes} [Tue Mar 10 11:53:28 2020] GET /goods/6 => generated 9500 bytes in 102 msecs (HTTP/1.1 200) 5 headers in 278 bytes (1 switches on core 0)
[pid: 2405|app: 0|req: 6/8] 192.168.1.2 () {40 vars in 834 bytes} [Tue Mar 10 11:53:35 2020] GET /admin/ => generated 7801 bytes in 151 msecs (HTTP/1.1 200) 6 headers in 227 bytes (1 switches on core 1)
[pid: 2405|app: 0|req: 7/9] 192.168.1.2 () {40 vars in 760 bytes} [Tue Mar 10 11:53:39 2020] GET /admin/jsi18n/ => generated 7682 bytes in 30 msecs (HTTP/1.1 200) 4 headers in 115 bytes (1 switches on core 0)
