*** Starting uWSGI 2.0.18 (64bit) on [Tue Mar 10 11:33:36 2020] ***
compiled with version: 5.4.0 20160609 on 09 March 2020 10:06:18
os: Linux-4.15.0-88-generic #88~16.04.1-Ubuntu SMP Wed Feb 12 04:19:15 UTC 2020
nodename: Ubuntu16
machine: x86_64
clock source: unix
pcre jit disabled
detected number of CPU cores: 1
current working directory: /home/zzy/桌面/dailyfresh
writing pidfile to uwsgi2.pid
detected binary path: /home/zzy/.virtualenvs/dailyfresh/bin/uwsgi
chdir() to /home/zzy/桌面/dailyfresh
your processes number limit is 3351
your memory page size is 4096 bytes
detected max file descriptor number: 1024
lock engine: pthread robust mutexes
thunder lock: disabled (you can enable it with --thunder-lock)
uwsgi socket 0 bound to TCP address 127.0.0.1:8081 fd 3
Python version: 3.5.2 (default, Oct  8 2019, 13:06:37)  [GCC 5.4.0 20160609]
Set PythonHome to /home/zzy/.virtualenvs/dailyfresh
Python main interpreter initialized at 0x235d540
python threads support enabled
your server socket listen backlog is limited to 100 connections
your mercy for graceful operations on workers is 60 seconds
mapped 416720 bytes (406 KB) for 8 cores
*** Operational MODE: preforking+threaded ***
WSGI app 0 (mountpoint='') ready in 0 seconds on interpreter 0x235d540 pid: 5782 (default app)
*** uWSGI is running in multiple interpreter mode ***
spawned uWSGI master process (pid: 5782)
spawned uWSGI worker 1 (pid: 5784, cores: 2)
spawned uWSGI worker 2 (pid: 5785, cores: 2)
spawned uWSGI worker 3 (pid: 5786, cores: 2)
spawned uWSGI worker 4 (pid: 5787, cores: 2)
Gracefully killing worker 1 (pid: 5784)...
Gracefully killing worker 3 (pid: 5786)...
Gracefully killing worker 4 (pid: 5787)...
Gracefully killing worker 2 (pid: 5785)...
...gracefully killing workers...
worker 1 buried after 6 seconds
worker 2 buried after 6 seconds
worker 3 buried after 6 seconds
worker 4 buried after 6 seconds
binary reloading uWSGI...
chdir() to /home/zzy/桌面/dailyfresh
closing all non-uwsgi socket fds > 2 (max_fd = 1024)...
found fd 3 mapped to socket 0 (127.0.0.1:8081)
running /home/zzy/.virtualenvs/dailyfresh/bin/uwsgi
[uWSGI] getting INI configuration from uwsgi2.ini
*** Starting uWSGI 2.0.18 (64bit) on [Tue Mar 10 11:42:06 2020] ***
compiled with version: 5.4.0 20160609 on 09 March 2020 10:06:18
os: Linux-4.15.0-88-generic #88~16.04.1-Ubuntu SMP Wed Feb 12 04:19:15 UTC 2020
nodename: Ubuntu16
machine: x86_64
clock source: unix
pcre jit disabled
detected number of CPU cores: 1
current working directory: /home/zzy/桌面/dailyfresh
detected binary path: /home/zzy/.virtualenvs/dailyfresh/bin/uwsgi
chdir() to /home/zzy/桌面/dailyfresh
your processes number limit is 3351
your memory page size is 4096 bytes
detected max file descriptor number: 1024
lock engine: pthread robust mutexes
thunder lock: disabled (you can enable it with --thunder-lock)
uwsgi socket 0 inherited INET address 127.0.0.1:8081 fd 3
Python version: 3.5.2 (default, Oct  8 2019, 13:06:37)  [GCC 5.4.0 20160609]
Set PythonHome to /home/zzy/.virtualenvs/dailyfresh
Python main interpreter initialized at 0x1ee1e30
python threads support enabled
your server socket listen backlog is limited to 100 connections
your mercy for graceful operations on workers is 60 seconds
mapped 416720 bytes (406 KB) for 8 cores
*** Operational MODE: preforking+threaded ***
WSGI app 0 (mountpoint='') ready in 3 seconds on interpreter 0x1ee1e30 pid: 5782 (default app)
*** uWSGI is running in multiple interpreter mode ***
gracefully (RE)spawned uWSGI master process (pid: 5782)
spawned uWSGI worker 1 (pid: 6163, cores: 2)
spawned uWSGI worker 2 (pid: 6164, cores: 2)
spawned uWSGI worker 3 (pid: 6171, cores: 2)
spawned uWSGI worker 4 (pid: 6174, cores: 2)
*** Starting uWSGI 2.0.18 (64bit) on [Tue Mar 10 11:50:59 2020] ***
compiled with version: 5.4.0 20160609 on 09 March 2020 10:06:18
os: Linux-4.15.0-88-generic #88~16.04.1-Ubuntu SMP Wed Feb 12 04:19:15 UTC 2020
nodename: Ubuntu16
machine: x86_64
clock source: unix
pcre jit disabled
detected number of CPU cores: 1
current working directory: /home/zzy/桌面/dailyfresh
writing pidfile to uwsgi2.pid
detected binary path: /home/zzy/.virtualenvs/dailyfresh/bin/uwsgi
chdir() to /home/zzy/桌面/dailyfresh
your processes number limit is 3351
your memory page size is 4096 bytes
detected max file descriptor number: 1024
lock engine: pthread robust mutexes
thunder lock: disabled (you can enable it with --thunder-lock)
uwsgi socket 0 bound to TCP address 127.0.0.1:8081 fd 3
Python version: 3.5.2 (default, Oct  8 2019, 13:06:37)  [GCC 5.4.0 20160609]
Set PythonHome to /home/zzy/.virtualenvs/dailyfresh
Python main interpreter initialized at 0x1d33540
python threads support enabled
your server socket listen backlog is limited to 100 connections
your mercy for graceful operations on workers is 60 seconds
mapped 416720 bytes (406 KB) for 8 cores
*** Operational MODE: preforking+threaded ***
WSGI app 0 (mountpoint='') ready in 1 seconds on interpreter 0x1d33540 pid: 2412 (default app)
*** uWSGI is running in multiple interpreter mode ***
spawned uWSGI master process (pid: 2412)
spawned uWSGI worker 1 (pid: 2414, cores: 2)
spawned uWSGI worker 2 (pid: 2415, cores: 2)
spawned uWSGI worker 3 (pid: 2416, cores: 2)
spawned uWSGI worker 4 (pid: 2417, cores: 2)
设置缓存
[pid: 2417|app: 0|req: 1/1] 192.168.1.2 () {38 vars in 699 bytes} [Tue Mar 10 11:52:15 2020] GET /index => generated 13245 bytes in 769 msecs (HTTP/1.1 200) 4 headers in 125 bytes (1 switches on core 0)
[pid: 2417|app: 0|req: 2/2] 192.168.1.2 () {40 vars in 786 bytes} [Tue Mar 10 11:52:34 2020] GET /user => generated 0 bytes in 4 msecs (HTTP/1.1 301) 4 headers in 140 bytes (1 switches on core 1)
[pid: 2416|app: 0|req: 1/3] 192.168.1.2 () {40 vars in 821 bytes} [Tue Mar 10 11:52:35 2020] GET /user/login?next=/user/ => generated 2150 bytes in 402 msecs (HTTP/1.1 200) 5 headers in 278 bytes (1 switches on core 0)
[pid: 2417|app: 0|req: 3/4] 192.168.1.2 () {44 vars in 920 bytes} [Tue Mar 10 11:52:42 2020] GET /user/ => generated 5813 bytes in 40 msecs (HTTP/1.1 200) 4 headers in 124 bytes (1 switches on core 1)
[pid: 2416|app: 0|req: 2/5] 192.168.1.2 () {42 vars in 882 bytes} [Tue Mar 10 11:53:03 2020] GET /user/login => generated 2150 bytes in 5 msecs (HTTP/1.1 200) 5 headers in 278 bytes (1 switches on core 1)
[pid: 2417|app: 0|req: 4/6] 192.168.1.2 () {42 vars in 872 bytes} [Tue Mar 10 11:53:18 2020] GET /cart/ => generated 12282 bytes in 31 msecs (HTTP/1.1 200) 5 headers in 279 bytes (1 switches on core 0)
[pid: 2417|app: 0|req: 5/7] 192.168.1.2 () {40 vars in 832 bytes} [Tue Mar 10 11:53:35 2020] GET /admin => generated 0 bytes in 1 msecs (HTTP/1.1 301) 4 headers in 141 bytes (1 switches on core 1)
[pid: 2415|app: 0|req: 1/8] 192.168.1.2 () {42 vars in 929 bytes} [Tue Mar 10 11:53:38 2020] GET /admin/goods/indexpromotionbanner/ => generated 4594 bytes in 623 msecs (HTTP/1.1 200) 7 headers in 381 bytes (1 switches on core 0)
